<?xml version="1.0" encoding="UTF-8"?>
<!-- Generated by org.testng.reporters.JUnitXMLReporter -->
<testsuite hostname="Slava-PC" ignored="0" name="Default test" tests="7" failures="0" timestamp="13 окт 2018 11:14:01 GMT" time="117.778" errors="0">
  <testcase name="testOneAdult9Children" time="14.164" classname="com.elal.test.AddingRemovingPassengers"/>
  <testcase name="testAddOneAdult" time="18.881" classname="com.elal.test.AddingRemovingPassengers"/>
  <testcase name="testAdd5Adults" time="18.117" classname="com.elal.test.AddingRemovingPassengers"/>
  <testcase name="testAdd9Adults" time="18.387" classname="com.elal.test.AddingRemovingPassengers"/>
  <testcase name="testRemove3Adults" time="18.43" classname="com.elal.test.AddingRemovingPassengers"/>
  <testcase name="testRemoveAllAdults" time="10.032" classname="com.elal.test.AddingRemovingPassengers"/>
  <testcase name="testaddAdult_Children" time="19.738" classname="com.elal.test.AddingRemovingPassengers"/>
</testsuite> <!-- Default test -->
