<?xml version="1.0" encoding="UTF-8"?>
<!-- Generated by org.testng.reporters.JUnitXMLReporter -->
<testsuite hostname="Slava-PC" ignored="1" name="Default test" tests="5" failures="0" timestamp="12 окт 2018 19:45:47 GMT" time="86.53" errors="0">
  <testcase name="testAddOneAdult" time="19.688" classname="com.elal.test.AddingRemovingPassengers"/>
  <testcase name="testAdd5Adults" time="18.564" classname="com.elal.test.AddingRemovingPassengers"/>
  <testcase name="testAdd9Adults" time="18.258" classname="com.elal.test.AddingRemovingPassengers"/>
  <testcase name="testRemoveAllAdults" time="10.05" classname="com.elal.test.AddingRemovingPassengers"/>
  <testcase name="testaddAdult_Children" time="19.944" classname="com.elal.test.AddingRemovingPassengers"/>
  <testcase name="testRemove3Adults" time="0.0" classname="com.elal.test.AddingRemovingPassengers">
    <ignored/>
  </testcase> <!-- testRemove3Adults -->
</testsuite> <!-- Default test -->
