<?xml version="1.0" encoding="UTF-8"?>
<testng-results skipped="0" failed="0" ignored="0" total="3" passed="3">
  <reporter-output>
    <line>
      <![CDATA[====Start browser====]]>
    </line>
    <line>
      <![CDATA[======Stop browser======]]>
    </line>
    <line>
      <![CDATA[====Start browser====]]>
    </line>
    <line>
      <![CDATA[======Stop browser======]]>
    </line>
    <line>
      <![CDATA[====Start browser====]]>
    </line>
    <line>
      <![CDATA[======Stop browser======]]>
    </line>
  </reporter-output>
  <suite name="Default suite" duration-ms="53565" started-at="2018-10-20T11:35:10Z" finished-at="2018-10-20T11:36:04Z">
    <groups>
    </groups>
    <test name="Default test" duration-ms="53565" started-at="2018-10-20T11:35:10Z" finished-at="2018-10-20T11:36:04Z">
      <class name="com.elal.test.SearchingByDefferentDestinations">
        <test-method status="PASS" signature="originAndDestinationAreNotMatched(java.lang.String, java.lang.String)[pri:1, instance:com.elal.test.SearchingByDefferentDestinations@5b275dab]" name="originAndDestinationAreNotMatched" duration-ms="18661" started-at="2018-10-20T11:35:10Z" description="The goal of the test is to check tickets when Origin and Destanation are not matched and type of trip is **Round**Expected resul:Should be shown Outbound and Inbound according with entered directions" data-provider="dp" finished-at="2018-10-20T11:35:29Z">
          <params>
            <param index="0">
              <value>
                <![CDATA[Tel]]>
              </value>
            </param>
            <param index="1">
              <value>
                <![CDATA[New York]]>
              </value>
            </param>
          </params>
          <reporter-output>
            <line>
              <![CDATA[====Start browser====]]>
            </line>
            <line>
              <![CDATA[======Stop browser======]]>
            </line>
          </reporter-output>
        </test-method> <!-- originAndDestinationAreNotMatched -->
        <test-method status="PASS" signature="originAndDestinationAreNotMatched(java.lang.String, java.lang.String)[pri:1, instance:com.elal.test.SearchingByDefferentDestinations@5b275dab]" name="originAndDestinationAreNotMatched" duration-ms="16981" started-at="2018-10-20T11:35:29Z" description="The goal of the test is to check tickets when Origin and Destanation are not matched and type of trip is **Round**Expected resul:Should be shown Outbound and Inbound according with entered directions" data-provider="dp" finished-at="2018-10-20T11:35:46Z">
          <params>
            <param index="0">
              <value>
                <![CDATA[New]]>
              </value>
            </param>
            <param index="1">
              <value>
                <![CDATA[Tel]]>
              </value>
            </param>
          </params>
          <reporter-output>
            <line>
              <![CDATA[====Start browser====]]>
            </line>
            <line>
              <![CDATA[======Stop browser======]]>
            </line>
          </reporter-output>
        </test-method> <!-- originAndDestinationAreNotMatched -->
        <test-method status="PASS" signature="originAndDestinationAreNotMatched(java.lang.String, java.lang.String)[pri:1, instance:com.elal.test.SearchingByDefferentDestinations@5b275dab]" name="originAndDestinationAreNotMatched" duration-ms="17897" started-at="2018-10-20T11:35:46Z" description="The goal of the test is to check tickets when Origin and Destanation are not matched and type of trip is **Round**Expected resul:Should be shown Outbound and Inbound according with entered directions" data-provider="dp" finished-at="2018-10-20T11:36:04Z">
          <params>
            <param index="0">
              <value>
                <![CDATA[Tel]]>
              </value>
            </param>
            <param index="1">
              <value>
                <![CDATA[Berlin]]>
              </value>
            </param>
          </params>
          <reporter-output>
            <line>
              <![CDATA[====Start browser====]]>
            </line>
            <line>
              <![CDATA[======Stop browser======]]>
            </line>
          </reporter-output>
        </test-method> <!-- originAndDestinationAreNotMatched -->
      </class> <!-- com.elal.test.SearchingByDefferentDestinations -->
    </test> <!-- Default test -->
  </suite> <!-- Default suite -->
</testng-results>
