<?xml version="1.0" encoding="UTF-8"?>
<testng-results skipped="0" failed="0" ignored="0" total="7" passed="7">
  <reporter-output>
    <line>
      <![CDATA[====Start browser====]]>
    </line>
    <line>
      <![CDATA[======Stop browser======]]>
    </line>
    <line>
      <![CDATA[====Start browser====]]>
    </line>
    <line>
      <![CDATA[======Stop browser======]]>
    </line>
    <line>
      <![CDATA[====Start browser====]]>
    </line>
    <line>
      <![CDATA[======Stop browser======]]>
    </line>
    <line>
      <![CDATA[====Start browser====]]>
    </line>
    <line>
      <![CDATA[======Stop browser======]]>
    </line>
    <line>
      <![CDATA[====Start browser====]]>
    </line>
    <line>
      <![CDATA[======Stop browser======]]>
    </line>
    <line>
      <![CDATA[====Start browser====]]>
    </line>
    <line>
      <![CDATA[======Stop browser======]]>
    </line>
    <line>
      <![CDATA[====Start browser====]]>
    </line>
    <line>
      <![CDATA[======Stop browser======]]>
    </line>
  </reporter-output>
  <suite name="Default suite" duration-ms="117778" started-at="2018-10-13T11:12:03Z" finished-at="2018-10-13T11:14:01Z">
    <groups>
    </groups>
    <test name="Default test" duration-ms="117778" started-at="2018-10-13T11:12:03Z" finished-at="2018-10-13T11:14:01Z">
      <class name="com.elal.test.AddingRemovingPassengers">
        <test-method status="PASS" signature="testOneAdult9Children()[pri:0, instance:com.elal.test.AddingRemovingPassengers@4501b7af]" name="testOneAdult9Children" duration-ms="14164" started-at="2018-10-13T11:12:03Z" description="The goal of the test is to check apearing error message when total amount of passangers Adults and Children is greater than 9" finished-at="2018-10-13T11:12:17Z">
          <reporter-output>
            <line>
              <![CDATA[====Start browser====]]>
            </line>
            <line>
              <![CDATA[======Stop browser======]]>
            </line>
          </reporter-output>
        </test-method> <!-- testOneAdult9Children -->
        <test-method status="PASS" signature="testAddOneAdult()[pri:1, instance:com.elal.test.AddingRemovingPassengers@4501b7af]" name="testAddOneAdult" duration-ms="18881" started-at="2018-10-13T11:12:17Z" description="TC1**The goal of the test is to check adding one adult to ticket,By default there is one adult added once site is open:Expected results Passengers amount is updated to 2**" finished-at="2018-10-13T11:12:36Z">
          <reporter-output>
            <line>
              <![CDATA[====Start browser====]]>
            </line>
            <line>
              <![CDATA[======Stop browser======]]>
            </line>
          </reporter-output>
        </test-method> <!-- testAddOneAdult -->
        <test-method status="PASS" signature="testAdd5Adults()[pri:2, instance:com.elal.test.AddingRemovingPassengers@4501b7af]" name="testAdd5Adults" duration-ms="18117" started-at="2018-10-13T11:12:36Z" description="TC2**The goal of the test is to check adding 4 adults to ticket:Expected results Passengers amount is updated to 5" finished-at="2018-10-13T11:12:54Z">
          <reporter-output>
            <line>
              <![CDATA[====Start browser====]]>
            </line>
            <line>
              <![CDATA[======Stop browser======]]>
            </line>
          </reporter-output>
        </test-method> <!-- testAdd5Adults -->
        <test-method status="PASS" signature="testAdd9Adults()[pri:3, instance:com.elal.test.AddingRemovingPassengers@4501b7af]" name="testAdd9Adults" duration-ms="18387" started-at="2018-10-13T11:12:54Z" description="TC3**The goal of the test is to check adding 9 adults to ticket:Expected results**Error message shown,Max adulst is 9" finished-at="2018-10-13T11:13:12Z">
          <reporter-output>
            <line>
              <![CDATA[====Start browser====]]>
            </line>
            <line>
              <![CDATA[======Stop browser======]]>
            </line>
          </reporter-output>
        </test-method> <!-- testAdd9Adults -->
        <test-method status="PASS" signature="testRemove3Adults()[pri:4, instance:com.elal.test.AddingRemovingPassengers@4501b7af]" name="testRemove3Adults" duration-ms="18430" started-at="2018-10-13T11:13:12Z" description="TC4**The goal of the test is to check removing of 3 adults from a  ticket:Before will be add 4 adults and then remove 1Expected results Passengers amount is updated to 4" finished-at="2018-10-13T11:13:31Z">
          <reporter-output>
            <line>
              <![CDATA[====Start browser====]]>
            </line>
            <line>
              <![CDATA[======Stop browser======]]>
            </line>
          </reporter-output>
        </test-method> <!-- testRemove3Adults -->
        <test-method status="PASS" signature="testRemoveAllAdults()[pri:5, instance:com.elal.test.AddingRemovingPassengers@4501b7af]" name="testRemoveAllAdults" duration-ms="10032" started-at="2018-10-13T11:13:31Z" description="TC5**The goal of the test is to check remove all adults from a  ticket:Expected results**Error message shown,Choose Adult Tickets" finished-at="2018-10-13T11:13:41Z">
          <reporter-output>
            <line>
              <![CDATA[====Start browser====]]>
            </line>
            <line>
              <![CDATA[======Stop browser======]]>
            </line>
          </reporter-output>
        </test-method> <!-- testRemoveAllAdults -->
        <test-method status="PASS" signature="testaddAdult_Children()[pri:6, instance:com.elal.test.AddingRemovingPassengers@4501b7af]" name="testaddAdult_Children" duration-ms="19738" started-at="2018-10-13T11:13:41Z" description="TC6**The goal of the test is to check adding to  adults 2 children,Total amount of children and Adults should 7" finished-at="2018-10-13T11:14:01Z">
          <reporter-output>
            <line>
              <![CDATA[====Start browser====]]>
            </line>
            <line>
              <![CDATA[======Stop browser======]]>
            </line>
          </reporter-output>
        </test-method> <!-- testaddAdult_Children -->
      </class> <!-- com.elal.test.AddingRemovingPassengers -->
    </test> <!-- Default test -->
  </suite> <!-- Default suite -->
</testng-results>
